<?xml version="1.0" encoding="UTF-8"?>
<testng-results total="6" passed="0" failed="0" skipped="6">
  <reporter-output>
  </reporter-output>
  <suite started-at="2022-03-23T09:23:58Z" name="Default suite" finished-at="2022-03-23T09:24:01Z" duration-ms="2589">
    <groups>
    </groups>
    <test started-at="2022-03-23T09:23:58Z" name="Default test" finished-at="2022-03-23T09:24:01Z" duration-ms="2589">
      <class name="webdriver.XPath">
        <test-method is-config="true" signature="beforeClass()[pri:0, instance:webdriver.XPath@63376bed]" started-at="2022-03-23T16:23:58Z" name="beforeClass" finished-at="2022-03-23T16:23:58Z" duration-ms="0" status="FAIL">
          <exception class="org.openqa.selenium.SessionNotCreatedException">
            <message>
              <![CDATA[session not created: This version of ChromeDriver only supports Chrome version 96
Current browser version is 99.0.4844.82 with binary path C:\Program Files\Google\Chrome\Application\chrome.exe
  (Driver info: chromedriver=96.0.4664.45 (76e4c1bb2ab4671b8beba3444e61c0f17584b2fc-refs/branch-heads/4664@{#947}),platform=Windows NT 10.0.19042 x86_64) (WARNING: The server did not provide any stacktrace information)
Command duration or timeout: 1.99 seconds
Build info: version: '2.53.1', revision: 'a36b8b1', time: '2016-06-30 17:37:03'
System info: host: 'PNVL47', ip: '192.168.1.14', os.name: 'Windows 10', os.arch: 'amd64', os.version: '10.0', java.version: '17.0.1'
Driver info: org.openqa.selenium.chrome.ChromeDriver]]>
            </message>
            <full-stacktrace>
              <![CDATA[org.openqa.selenium.SessionNotCreatedException: session not created: This version of ChromeDriver only supports Chrome version 96
Current browser version is 99.0.4844.82 with binary path C:\Program Files\Google\Chrome\Application\chrome.exe
  (Driver info: chromedriver=96.0.4664.45 (76e4c1bb2ab4671b8beba3444e61c0f17584b2fc-refs/branch-heads/4664@{#947}),platform=Windows NT 10.0.19042 x86_64) (WARNING: The server did not provide any stacktrace information)
Command duration or timeout: 1.99 seconds
Build info: version: '2.53.1', revision: 'a36b8b1', time: '2016-06-30 17:37:03'
System info: host: 'PNVL47', ip: '192.168.1.14', os.name: 'Windows 10', os.arch: 'amd64', os.version: '10.0', java.version: '17.0.1'
Driver info: org.openqa.selenium.chrome.ChromeDriver
	at java.base/jdk.internal.reflect.NativeConstructorAccessorImpl.newInstance0(Native Method)
	at java.base/jdk.internal.reflect.NativeConstructorAccessorImpl.newInstance(NativeConstructorAccessorImpl.java:77)
	at java.base/jdk.internal.reflect.DelegatingConstructorAccessorImpl.newInstance(DelegatingConstructorAccessorImpl.java:45)
	at java.base/java.lang.reflect.Constructor.newInstanceWithCaller(Constructor.java:499)
	at java.base/java.lang.reflect.Constructor.newInstance(Constructor.java:480)
	at org.openqa.selenium.remote.ErrorHandler.createThrowable(ErrorHandler.java:206)
	at org.openqa.selenium.remote.ErrorHandler.throwIfResponseFailed(ErrorHandler.java:158)
	at org.openqa.selenium.remote.RemoteWebDriver.execute(RemoteWebDriver.java:678)
	at org.openqa.selenium.remote.RemoteWebDriver.startSession(RemoteWebDriver.java:249)
	at org.openqa.selenium.remote.RemoteWebDriver.<init>(RemoteWebDriver.java:131)
	at org.openqa.selenium.remote.RemoteWebDriver.<init>(RemoteWebDriver.java:144)
	at org.openqa.selenium.chrome.ChromeDriver.<init>(ChromeDriver.java:170)
	at org.openqa.selenium.chrome.ChromeDriver.<init>(ChromeDriver.java:159)
	at org.openqa.selenium.chrome.ChromeDriver.<init>(ChromeDriver.java:116)
	at webdriver.XPath.beforeClass(XPath.java:19)
	at java.base/jdk.internal.reflect.NativeMethodAccessorImpl.invoke0(Native Method)
	at java.base/jdk.internal.reflect.NativeMethodAccessorImpl.invoke(NativeMethodAccessorImpl.java:77)
	at java.base/jdk.internal.reflect.DelegatingMethodAccessorImpl.invoke(DelegatingMethodAccessorImpl.java:43)
	at java.base/java.lang.reflect.Method.invoke(Method.java:568)
	at org.testng.internal.MethodInvocationHelper.invokeMethod(MethodInvocationHelper.java:85)
	at org.testng.internal.Invoker.invokeConfigurationMethod(Invoker.java:510)
	at org.testng.internal.Invoker.invokeConfigurations(Invoker.java:211)
	at org.testng.internal.Invoker.invokeConfigurations(Invoker.java:138)
	at org.testng.internal.TestMethodWorker.invokeBeforeClassMethods(TestMethodWorker.java:170)
	at org.testng.internal.TestMethodWorker.run(TestMethodWorker.java:104)
	at org.testng.TestRunner.privateRun(TestRunner.java:774)
	at org.testng.TestRunner.run(TestRunner.java:624)
	at org.testng.SuiteRunner.runTest(SuiteRunner.java:359)
	at org.testng.SuiteRunner.runSequentially(SuiteRunner.java:354)
	at org.testng.SuiteRunner.privateRun(SuiteRunner.java:312)
	at org.testng.SuiteRunner.run(SuiteRunner.java:261)
	at org.testng.SuiteRunnerWorker.runSuite(SuiteRunnerWorker.java:52)
	at org.testng.SuiteRunnerWorker.run(SuiteRunnerWorker.java:86)
	at org.testng.TestNG.runSuitesSequentially(TestNG.java:1215)
	at org.testng.TestNG.runSuitesLocally(TestNG.java:1140)
	at org.testng.TestNG.run(TestNG.java:1048)
	at org.testng.remote.AbstractRemoteTestNG.run(AbstractRemoteTestNG.java:115)
	at org.testng.remote.RemoteTestNG.initAndRun(RemoteTestNG.java:251)
	at org.testng.remote.RemoteTestNG.main(RemoteTestNG.java:77)
]]>
            </full-stacktrace>
          </exception> <!-- org.openqa.selenium.SessionNotCreatedException -->
          <reporter-output>
          </reporter-output>
        </test-method> <!-- beforeClass -->
        <test-method signature="TC_01_Register_Empty_Data()[pri:0, instance:webdriver.XPath@63376bed]" started-at="2022-03-23T16:24:01Z" name="TC_01_Register_Empty_Data" finished-at="2022-03-23T16:24:01Z" duration-ms="3" status="SKIP">
          <reporter-output>
          </reporter-output>
        </test-method> <!-- TC_01_Register_Empty_Data -->
        <test-method signature="TC_02_Register_Invalid_Email()[pri:0, instance:webdriver.XPath@63376bed]" started-at="2022-03-23T16:24:01Z" name="TC_02_Register_Invalid_Email" finished-at="2022-03-23T16:24:01Z" duration-ms="2" status="SKIP">
          <reporter-output>
          </reporter-output>
        </test-method> <!-- TC_02_Register_Invalid_Email -->
        <test-method signature="TC_03_Register_Incorrect_Email()[pri:0, instance:webdriver.XPath@63376bed]" started-at="2022-03-23T16:24:01Z" name="TC_03_Register_Incorrect_Email" finished-at="2022-03-23T16:24:01Z" duration-ms="2" status="SKIP">
          <reporter-output>
          </reporter-output>
        </test-method> <!-- TC_03_Register_Incorrect_Email -->
        <test-method signature="TC_04_Register_Password_Less_Than_6_Chars()[pri:0, instance:webdriver.XPath@63376bed]" started-at="2022-03-23T16:24:01Z" name="TC_04_Register_Password_Less_Than_6_Chars" finished-at="2022-03-23T16:24:01Z" duration-ms="3" status="SKIP">
          <reporter-output>
          </reporter-output>
        </test-method> <!-- TC_04_Register_Password_Less_Than_6_Chars -->
        <test-method signature="TC_05_Register_Incorrect_Password()[pri:0, instance:webdriver.XPath@63376bed]" started-at="2022-03-23T16:24:01Z" name="TC_05_Register_Incorrect_Password" finished-at="2022-03-23T16:24:01Z" duration-ms="1" status="SKIP">
          <reporter-output>
          </reporter-output>
        </test-method> <!-- TC_05_Register_Incorrect_Password -->
        <test-method signature="TC_06_Register_Invalid_Phone()[pri:0, instance:webdriver.XPath@63376bed]" started-at="2022-03-23T16:24:01Z" name="TC_06_Register_Invalid_Phone" finished-at="2022-03-23T16:24:01Z" duration-ms="8" status="SKIP">
          <reporter-output>
          </reporter-output>
        </test-method> <!-- TC_06_Register_Invalid_Phone -->
        <test-method is-config="true" signature="afterClass()[pri:0, instance:webdriver.XPath@63376bed]" started-at="2022-03-23T16:24:01Z" name="afterClass" finished-at="2022-03-23T16:24:01Z" duration-ms="0" status="SKIP">
          <reporter-output>
          </reporter-output>
        </test-method> <!-- afterClass -->
      </class> <!-- webdriver.XPath -->
    </test> <!-- Default test -->
  </suite> <!-- Default suite -->
</testng-results>
